[+] Containers:
 |- [+] Container: /Game/FirstPerson/Maps/FirstPersonMap
 |   |- [+] ActorDescs:
 |   |   |- Guid:3E27AF1A4A44D3AF9FB8F59AC7F3EBFB BaseClass: NativeClass:/Script/Engine.StaticMeshActor Name:StaticMeshActor_UAID_B07B25293B46E24602_1580465195 Label:SM_Cube9 SpatiallyLoaded:1 Bounds:IsValid=true, Min=(X=1420.000 Y=200.000 Z=-10.000), Max=(X=2745.000 Y=250.000 Z=290.000) RuntimeGrid:None EditorOnly:0 RuntimeOnly:0 HLODRelevant:1 ListedInSceneOutliner:1 IsMainWorldOnly:0 FolderPath:Block01 FolderGuid:5710F1034B6DC7FBD588718E283EB93C
 |   |   |- Guid:3FB46D264529EC8918547B8C4F164E24 BaseClass: NativeClass:/Script/Engine.BlockingVolume Name:BlockingVolume_UAID_B07B25293B46E14602_2000968016 Label:BlockingVolume2 SpatiallyLoaded:1 Bounds:IsValid=true, Min=(X=1075.000 Y=555.000 Z=-360.000), Max=(X=1525.000 Y=605.000 Z=340.000) RuntimeGrid:None EditorOnly:0 RuntimeOnly:0 HLODRelevant:0 ListedInSceneOutliner:1 IsMainWorldOnly:0
 |   |   |- Guid:41EBC6E24857A1D11A06D29E1AAE9509 BaseClass:/Game/GAME/BP_Bidon.BP_Bidon_C NativeClass:/Script/Engine.Actor Name:BP_Bidon_C_UAID_B07B25293B46E84602_1971667252 Label:BP_Bidon SpatiallyLoaded:1 Bounds:IsValid=true, Min=(X=1930.000 Y=287.500 Z=-2.500), Max=(X=1930.000 Y=512.500 Z=222.500) RuntimeGrid:None EditorOnly:0 RuntimeOnly:0 HLODRelevant:0 ListedInSceneOutliner:1 IsMainWorldOnly:0
 |   |   |- Guid:5FE7584649BB6F09265329A6C57CFD0D BaseClass: NativeClass:/Script/Engine.VolumetricCloud Name:VolumetricCloud_0 Label:VolumetricCloud SpatiallyLoaded:0 Bounds:IsValid=true, Min=(X=0.000 Y=0.000 Z=820.000), Max=(X=0.000 Y=0.000 Z=820.000) RuntimeGrid:None EditorOnly:0 RuntimeOnly:0 HLODRelevant:0 ListedInSceneOutliner:1 IsMainWorldOnly:0 FolderPath:Lighting FolderGuid:0BA5F0A04EADB18E70D5B180D08FA34B
 |   |   |- Guid:61391D344900612A77DFC3BA3E354907 BaseClass: NativeClass:/Script/Engine.ExponentialHeightFog Name:ExponentialHeightFog_0 Label:ExponentialHeightFog SpatiallyLoaded:0 Bounds:IsValid=true, Min=(X=-5600.000 Y=-50.000 Z=-6850.000), Max=(X=-5600.000 Y=-50.000 Z=-6850.000) RuntimeGrid:None EditorOnly:0 RuntimeOnly:0 HLODRelevant:0 ListedInSceneOutliner:1 IsMainWorldOnly:0 FolderPath:Lighting FolderGuid:0BA5F0A04EADB18E70D5B180D08FA34B
 |   |   |- Guid:6FEFB3BD4EB37B849EF0D4AC80F83855 BaseClass: NativeClass:/Script/Engine.WorldDataLayers Name:WorldDataLayers Label:WorldDataLayers SpatiallyLoaded:0 Bounds:IsValid=true, Min=(X=0.000 Y=0.000 Z=0.000), Max=(X=0.000 Y=0.000 Z=0.000) RuntimeGrid:None EditorOnly:0 RuntimeOnly:0 HLODRelevant:0 ListedInSceneOutliner:1 IsMainWorldOnly:1
 |   |   |- Guid:73612D48481C3DD3D4823EBA8E0EBFF1 BaseClass:/Game/GAME/BP_Carton.BP_Carton_C NativeClass:/Script/Engine.Actor Name:BP_Carton_C_UAID_B07B25293B46E84602_1234439251 Label:BP_Carton5 SpatiallyLoaded:1 Bounds:IsValid=true, Min=(X=2260.000 Y=585.000 Z=195.000), Max=(X=2260.000 Y=835.000 Z=445.000) RuntimeGrid:None EditorOnly:0 RuntimeOnly:0 HLODRelevant:0 ListedInSceneOutliner:1 IsMainWorldOnly:0
 |   |   |- Guid:78CAF7514C7533F30BD2F19A017AAB65 BaseClass: NativeClass:/Script/Engine.StaticMeshActor Name:StaticMeshActor_0 Label:SM_Cube SpatiallyLoaded:1 Bounds:IsValid=true, Min=(X=980.000 Y=0.000 Z=-50.000), Max=(X=3030.000 Y=1750.000 Z=0.000) RuntimeGrid:None EditorOnly:0 RuntimeOnly:0 HLODRelevant:1 ListedInSceneOutliner:1 IsMainWorldOnly:0 FolderPath:Playground FolderGuid:6C02BB504B69D1F3D7A624B130C18E5B
 |   |   |- Guid:7A670C234826D703450A139AC6294910 BaseClass:/Game/GAME/BP_Bidon.BP_Bidon_C NativeClass:/Script/Engine.Actor Name:BP_Bidon_C_UAID_B07B25293B46E84602_1999052254 Label:BP_Bidon3 SpatiallyLoaded:1 Bounds:IsValid=true, Min=(X=1930.000 Y=987.500 Z=-2.500), Max=(X=1930.000 Y=1212.500 Z=222.500) RuntimeGrid:None EditorOnly:0 RuntimeOnly:0 HLODRelevant:0 ListedInSceneOutliner:1 IsMainWorldOnly:0
 |   |   |- Guid:8416702141656122BC4505B3E36100A2 BaseClass: NativeClass:/Script/Engine.StaticMeshActor Name:StaticMeshActor_UAID_B07B25293B46E24602_1823286197 Label:SM_Cube10 SpatiallyLoaded:1 Bounds:IsValid=true, Min=(X=1420.000 Y=1480.000 Z=-10.000), Max=(X=2745.000 Y=1530.000 Z=290.000) RuntimeGrid:None EditorOnly:0 RuntimeOnly:0 HLODRelevant:1 ListedInSceneOutliner:1 IsMainWorldOnly:0 FolderPath:Block01 FolderGuid:5710F1034B6DC7FBD588718E283EB93C
 |   |   |- Guid:88D594C14FCADE0166D5EBB094D410DD BaseClass:/Game/GAME/BP_Carton.BP_Carton_C NativeClass:/Script/Engine.Actor Name:BP_Carton_C_UAID_B07B25293B46E84602_1229925249 Label:BP_Carton3 SpatiallyLoaded:1 Bounds:IsValid=true, Min=(X=2260.000 Y=1045.000 Z=55.000), Max=(X=2260.000 Y=1295.000 Z=305.000) RuntimeGrid:None EditorOnly:0 RuntimeOnly:0 HLODRelevant:0 ListedInSceneOutliner:1 IsMainWorldOnly:0
 |   |   |- Guid:95F4283A441339FF5224758388CE836F BaseClass: NativeClass:/Script/Engine.BlockingVolume Name:BlockingVolume_UAID_B07B25293B46E14602_1945953015 Label:BlockingVolume SpatiallyLoaded:1 Bounds:IsValid=true, Min=(X=1075.000 Y=555.000 Z=-360.000), Max=(X=1125.000 Y=1105.000 Z=340.000) RuntimeGrid:None EditorOnly:0 RuntimeOnly:0 HLODRelevant:0 ListedInSceneOutliner:1 IsMainWorldOnly:0
 |   |   |- Guid:9A4571EE4496E509EF44A8BB433AD636 BaseClass: NativeClass:/Script/Engine.BlockingVolume Name:BlockingVolume_UAID_B07B25293B46E14602_2024393017 Label:BlockingVolume3 SpatiallyLoaded:1 Bounds:IsValid=true, Min=(X=1075.000 Y=1095.000 Z=-360.000), Max=(X=1525.000 Y=1145.000 Z=340.000) RuntimeGrid:None EditorOnly:0 RuntimeOnly:0 HLODRelevant:0 ListedInSceneOutliner:1 IsMainWorldOnly:0
 |   |   |- Guid:A005182A48F471CF7F119C8AA02B4346 BaseClass:/Game/GAME/BP_Carton.BP_Carton_C NativeClass:/Script/Engine.Actor Name:BP_Carton_C_UAID_B07B25293B46E84602_1231748250 Label:BP_Carton4 SpatiallyLoaded:1 Bounds:IsValid=true, Min=(X=2260.000 Y=945.000 Z=195.000), Max=(X=2260.000 Y=1195.000 Z=445.000) RuntimeGrid:None EditorOnly:0 RuntimeOnly:0 HLODRelevant:0 ListedInSceneOutliner:1 IsMainWorldOnly:0
 |   |   |- Guid:A354B1B24E617A525DC6B48CCDE2417E BaseClass: NativeClass:/Script/Engine.PlayerStart Name:PlayerStart_0 Label:PlayerStart SpatiallyLoaded:0 Bounds:IsValid=true, Min=(X=1190.000 Y=810.000 Z=0.013), Max=(X=1270.000 Y=890.000 Z=184.013) RuntimeGrid:None EditorOnly:0 RuntimeOnly:0 HLODRelevant:0 ListedInSceneOutliner:1 IsMainWorldOnly:0
 |   |   |- Guid:ABBBA62345881BD5131B3490AF45109F BaseClass:/Game/GAME/BP_Carton.BP_Carton_C NativeClass:/Script/Engine.Actor Name:BP_Carton_C_UAID_B07B25293B46E84602_1218037247 Label:BP_Carton SpatiallyLoaded:1 Bounds:IsValid=true, Min=(X=2260.000 Y=435.000 Z=55.000), Max=(X=2260.000 Y=685.000 Z=305.000) RuntimeGrid:None EditorOnly:0 RuntimeOnly:0 HLODRelevant:0 ListedInSceneOutliner:1 IsMainWorldOnly:0
 |   |   |- Guid:B1E356C04D0CD1605DCFE9B7A83B3E98 BaseClass: NativeClass:/Script/Engine.StaticMeshActor Name:StaticMeshActor_5 Label:SM_Cube4 SpatiallyLoaded:1 Bounds:IsValid=true, Min=(X=1415.000 Y=180.000 Z=0.000), Max=(X=1565.000 Y=1530.000 Z=75.000) RuntimeGrid:None EditorOnly:0 RuntimeOnly:0 HLODRelevant:1 ListedInSceneOutliner:1 IsMainWorldOnly:0 FolderPath:Block01 FolderGuid:5710F1034B6DC7FBD588718E283EB93C
 |   |   |- Guid:C0C56B9644AE3D40CAFF6A878DB29844 BaseClass: NativeClass:/Script/Engine.StaticMeshActor Name:StaticMeshActor_UAID_A4AE111137DC5EFB00_2001720423 Label:SM_SkySphere SpatiallyLoaded:0 Bounds:IsValid=true, Min=(X=-1638400.000 Y=-1638400.000 Z=-1638400.000), Max=(X=1638400.000 Y=1638400.000 Z=1638400.000) RuntimeGrid:None EditorOnly:0 RuntimeOnly:0 HLODRelevant:1 ListedInSceneOutliner:1 IsMainWorldOnly:0 FolderPath:Lighting FolderGuid:0BA5F0A04EADB18E70D5B180D08FA34B
 |   |   |- Guid:C22CE07C4B87D685137FDBBC10FC92C6 BaseClass: NativeClass:/Script/Engine.SkyAtmosphere Name:SkyAtmosphere_0 Label:SkyAtmosphere SpatiallyLoaded:0 Bounds:IsValid=true, Min=(X=0.000 Y=0.000 Z=1020.000), Max=(X=0.000 Y=0.000 Z=1020.000) RuntimeGrid:None EditorOnly:0 RuntimeOnly:0 HLODRelevant:0 ListedInSceneOutliner:1 IsMainWorldOnly:0 FolderPath:Lighting FolderGuid:0BA5F0A04EADB18E70D5B180D08FA34B
 |   |   |- Guid:CE8D82634660FCDB3120E2B8D547C533 BaseClass: NativeClass:/Script/Engine.PostProcessVolume Name:PostProcessVolume_0 Label:PostProcessVolume SpatiallyLoaded:0 Bounds:IsValid=true, Min=(X=0.000 Y=0.000 Z=400.000), Max=(X=200.000 Y=200.000 Z=600.000) RuntimeGrid:None EditorOnly:0 RuntimeOnly:0 HLODRelevant:0 ListedInSceneOutliner:1 IsMainWorldOnly:0 FolderPath:Lighting FolderGuid:0BA5F0A04EADB18E70D5B180D08FA34B
 |   |   |- Guid:DA87A093447F1CE328888EB65206E4EB BaseClass:/Game/GAME/BP_Bidon.BP_Bidon_C NativeClass:/Script/Engine.Actor Name:BP_Bidon_C_UAID_B07B25293B46E84602_1996203253 Label:BP_Bidon2 SpatiallyLoaded:1 Bounds:IsValid=true, Min=(X=1930.000 Y=597.500 Z=-2.500), Max=(X=1930.000 Y=822.500 Z=222.500) RuntimeGrid:None EditorOnly:0 RuntimeOnly:0 HLODRelevant:0 ListedInSceneOutliner:1 IsMainWorldOnly:0
 |   |   |- Guid:E5320C1B4FD9764CE7B54D8487AEC613 BaseClass: NativeClass:/Script/Engine.SkyLight Name:SkyLight_0 Label:SkyLight SpatiallyLoaded:0 Bounds:IsValid=true, Min=(X=0.000 Y=0.000 Z=690.000), Max=(X=0.000 Y=0.000 Z=690.000) RuntimeGrid:None EditorOnly:0 RuntimeOnly:0 HLODRelevant:0 ListedInSceneOutliner:1 IsMainWorldOnly:0 FolderPath:Lighting FolderGuid:0BA5F0A04EADB18E70D5B180D08FA34B
 |   |   |- Guid:EE66F4454A4A9F99393F559AB739C05E BaseClass:/Game/FirstPerson/Blueprints/BP_Pickup_Rifle.BP_Pickup_Rifle_C NativeClass:/Script/Engine.Actor Name:BP_Rifle_C_1 Label:BP_Pickup_Rifle SpatiallyLoaded:1 Bounds:IsValid=true, Min=(X=1398.000 Y=818.000 Z=54.000), Max=(X=1462.000 Y=907.440 Z=118.000) RuntimeGrid:None EditorOnly:0 RuntimeOnly:0 HLODRelevant:0 ListedInSceneOutliner:1 IsMainWorldOnly:0
 |   |   |- Guid:F797A8F14A01AD39ECB959A72889B503 BaseClass:/Game/GAME/BP_Carton.BP_Carton_C NativeClass:/Script/Engine.Actor Name:BP_Carton_C_UAID_B07B25293B46E84602_1228637248 Label:BP_Carton2 SpatiallyLoaded:1 Bounds:IsValid=true, Min=(X=2260.000 Y=735.000 Z=55.000), Max=(X=2260.000 Y=985.000 Z=305.000) RuntimeGrid:None EditorOnly:0 RuntimeOnly:0 HLODRelevant:0 ListedInSceneOutliner:1 IsMainWorldOnly:0
 |   |   |- Guid:F80621C9446867154938FE81375207DA BaseClass: NativeClass:/Script/Engine.DirectionalLight Name:DirectionalLight_1 Label:DirectionalLight SpatiallyLoaded:0 Bounds:IsValid=true, Min=(X=-1048576.000 Y=-1048576.000 Z=-1048576.000), Max=(X=1048576.000 Y=1048576.000 Z=1048576.000) RuntimeGrid:None EditorOnly:0 RuntimeOnly:0 HLODRelevant:0 ListedInSceneOutliner:1 IsMainWorldOnly:0 FolderPath:Lighting FolderGuid:0BA5F0A04EADB18E70D5B180D08FA34B
 |   |   |- Guid:F931A5CD417C4F5B98923587AA36D024 BaseClass: NativeClass:/Script/Engine.StaticMeshActor Name:StaticMeshActor_UAID_B07B25293B46E24602_1536409194 Label:SM_Cube7 SpatiallyLoaded:1 Bounds:IsValid=true, Min=(X=2735.000 Y=230.000 Z=-10.000), Max=(X=2785.000 Y=1530.000 Z=290.000) RuntimeGrid:None EditorOnly:0 RuntimeOnly:0 HLODRelevant:1 ListedInSceneOutliner:1 IsMainWorldOnly:0 FolderPath:Block01 FolderGuid:5710F1034B6DC7FBD588718E283EB93C
 |   |- [+] Clusters:
 |   |   |- [+] [  0]
 |   |   |   |- Guid:3E27AF1A4A44D3AF9FB8F59AC7F3EBFB BaseClass: NativeClass:/Script/Engine.StaticMeshActor Name:StaticMeshActor_UAID_B07B25293B46E24602_1580465195 Label:SM_Cube9 SpatiallyLoaded:1 Bounds:IsValid=true, Min=(X=1420.000 Y=200.000 Z=-10.000), Max=(X=2745.000 Y=250.000 Z=290.000) RuntimeGrid:None EditorOnly:0 RuntimeOnly:0 HLODRelevant:1 ListedInSceneOutliner:1 IsMainWorldOnly:0 FolderPath:Block01 FolderGuid:5710F1034B6DC7FBD588718E283EB93C
 |   |   |- [+] [  1]
 |   |   |   |- Guid:3FB46D264529EC8918547B8C4F164E24 BaseClass: NativeClass:/Script/Engine.BlockingVolume Name:BlockingVolume_UAID_B07B25293B46E14602_2000968016 Label:BlockingVolume2 SpatiallyLoaded:1 Bounds:IsValid=true, Min=(X=1075.000 Y=555.000 Z=-360.000), Max=(X=1525.000 Y=605.000 Z=340.000) RuntimeGrid:None EditorOnly:0 RuntimeOnly:0 HLODRelevant:0 ListedInSceneOutliner:1 IsMainWorldOnly:0
 |   |   |- [+] [  2]
 |   |   |   |- Guid:41EBC6E24857A1D11A06D29E1AAE9509 BaseClass:/Game/GAME/BP_Bidon.BP_Bidon_C NativeClass:/Script/Engine.Actor Name:BP_Bidon_C_UAID_B07B25293B46E84602_1971667252 Label:BP_Bidon SpatiallyLoaded:1 Bounds:IsValid=true, Min=(X=1930.000 Y=287.500 Z=-2.500), Max=(X=1930.000 Y=512.500 Z=222.500) RuntimeGrid:None EditorOnly:0 RuntimeOnly:0 HLODRelevant:0 ListedInSceneOutliner:1 IsMainWorldOnly:0
 |   |   |- [+] [  3]
 |   |   |   |- Guid:5FE7584649BB6F09265329A6C57CFD0D BaseClass: NativeClass:/Script/Engine.VolumetricCloud Name:VolumetricCloud_0 Label:VolumetricCloud SpatiallyLoaded:0 Bounds:IsValid=true, Min=(X=0.000 Y=0.000 Z=820.000), Max=(X=0.000 Y=0.000 Z=820.000) RuntimeGrid:None EditorOnly:0 RuntimeOnly:0 HLODRelevant:0 ListedInSceneOutliner:1 IsMainWorldOnly:0 FolderPath:Lighting FolderGuid:0BA5F0A04EADB18E70D5B180D08FA34B
 |   |   |- [+] [  4]
 |   |   |   |- Guid:61391D344900612A77DFC3BA3E354907 BaseClass: NativeClass:/Script/Engine.ExponentialHeightFog Name:ExponentialHeightFog_0 Label:ExponentialHeightFog SpatiallyLoaded:0 Bounds:IsValid=true, Min=(X=-5600.000 Y=-50.000 Z=-6850.000), Max=(X=-5600.000 Y=-50.000 Z=-6850.000) RuntimeGrid:None EditorOnly:0 RuntimeOnly:0 HLODRelevant:0 ListedInSceneOutliner:1 IsMainWorldOnly:0 FolderPath:Lighting FolderGuid:0BA5F0A04EADB18E70D5B180D08FA34B
 |   |   |- [+] [  5]
 |   |   |   |- Guid:6FEFB3BD4EB37B849EF0D4AC80F83855 BaseClass: NativeClass:/Script/Engine.WorldDataLayers Name:WorldDataLayers Label:WorldDataLayers SpatiallyLoaded:0 Bounds:IsValid=true, Min=(X=0.000 Y=0.000 Z=0.000), Max=(X=0.000 Y=0.000 Z=0.000) RuntimeGrid:None EditorOnly:0 RuntimeOnly:0 HLODRelevant:0 ListedInSceneOutliner:1 IsMainWorldOnly:1
 |   |   |- [+] [  6]
 |   |   |   |- Guid:73612D48481C3DD3D4823EBA8E0EBFF1 BaseClass:/Game/GAME/BP_Carton.BP_Carton_C NativeClass:/Script/Engine.Actor Name:BP_Carton_C_UAID_B07B25293B46E84602_1234439251 Label:BP_Carton5 SpatiallyLoaded:1 Bounds:IsValid=true, Min=(X=2260.000 Y=585.000 Z=195.000), Max=(X=2260.000 Y=835.000 Z=445.000) RuntimeGrid:None EditorOnly:0 RuntimeOnly:0 HLODRelevant:0 ListedInSceneOutliner:1 IsMainWorldOnly:0
 |   |   |- [+] [  7]
 |   |   |   |- Guid:78CAF7514C7533F30BD2F19A017AAB65 BaseClass: NativeClass:/Script/Engine.StaticMeshActor Name:StaticMeshActor_0 Label:SM_Cube SpatiallyLoaded:1 Bounds:IsValid=true, Min=(X=980.000 Y=0.000 Z=-50.000), Max=(X=3030.000 Y=1750.000 Z=0.000) RuntimeGrid:None EditorOnly:0 RuntimeOnly:0 HLODRelevant:1 ListedInSceneOutliner:1 IsMainWorldOnly:0 FolderPath:Playground FolderGuid:6C02BB504B69D1F3D7A624B130C18E5B
 |   |   |- [+] [  8]
 |   |   |   |- Guid:7A670C234826D703450A139AC6294910 BaseClass:/Game/GAME/BP_Bidon.BP_Bidon_C NativeClass:/Script/Engine.Actor Name:BP_Bidon_C_UAID_B07B25293B46E84602_1999052254 Label:BP_Bidon3 SpatiallyLoaded:1 Bounds:IsValid=true, Min=(X=1930.000 Y=987.500 Z=-2.500), Max=(X=1930.000 Y=1212.500 Z=222.500) RuntimeGrid:None EditorOnly:0 RuntimeOnly:0 HLODRelevant:0 ListedInSceneOutliner:1 IsMainWorldOnly:0
 |   |   |- [+] [  9]
 |   |   |   |- Guid:8416702141656122BC4505B3E36100A2 BaseClass: NativeClass:/Script/Engine.StaticMeshActor Name:StaticMeshActor_UAID_B07B25293B46E24602_1823286197 Label:SM_Cube10 SpatiallyLoaded:1 Bounds:IsValid=true, Min=(X=1420.000 Y=1480.000 Z=-10.000), Max=(X=2745.000 Y=1530.000 Z=290.000) RuntimeGrid:None EditorOnly:0 RuntimeOnly:0 HLODRelevant:1 ListedInSceneOutliner:1 IsMainWorldOnly:0 FolderPath:Block01 FolderGuid:5710F1034B6DC7FBD588718E283EB93C
 |   |   |- [+] [ 10]
 |   |   |   |- Guid:88D594C14FCADE0166D5EBB094D410DD BaseClass:/Game/GAME/BP_Carton.BP_Carton_C NativeClass:/Script/Engine.Actor Name:BP_Carton_C_UAID_B07B25293B46E84602_1229925249 Label:BP_Carton3 SpatiallyLoaded:1 Bounds:IsValid=true, Min=(X=2260.000 Y=1045.000 Z=55.000), Max=(X=2260.000 Y=1295.000 Z=305.000) RuntimeGrid:None EditorOnly:0 RuntimeOnly:0 HLODRelevant:0 ListedInSceneOutliner:1 IsMainWorldOnly:0
 |   |   |- [+] [ 11]
 |   |   |   |- Guid:95F4283A441339FF5224758388CE836F BaseClass: NativeClass:/Script/Engine.BlockingVolume Name:BlockingVolume_UAID_B07B25293B46E14602_1945953015 Label:BlockingVolume SpatiallyLoaded:1 Bounds:IsValid=true, Min=(X=1075.000 Y=555.000 Z=-360.000), Max=(X=1125.000 Y=1105.000 Z=340.000) RuntimeGrid:None EditorOnly:0 RuntimeOnly:0 HLODRelevant:0 ListedInSceneOutliner:1 IsMainWorldOnly:0
 |   |   |- [+] [ 12]
 |   |   |   |- Guid:9A4571EE4496E509EF44A8BB433AD636 BaseClass: NativeClass:/Script/Engine.BlockingVolume Name:BlockingVolume_UAID_B07B25293B46E14602_2024393017 Label:BlockingVolume3 SpatiallyLoaded:1 Bounds:IsValid=true, Min=(X=1075.000 Y=1095.000 Z=-360.000), Max=(X=1525.000 Y=1145.000 Z=340.000) RuntimeGrid:None EditorOnly:0 RuntimeOnly:0 HLODRelevant:0 ListedInSceneOutliner:1 IsMainWorldOnly:0
 |   |   |- [+] [ 13]
 |   |   |   |- Guid:A005182A48F471CF7F119C8AA02B4346 BaseClass:/Game/GAME/BP_Carton.BP_Carton_C NativeClass:/Script/Engine.Actor Name:BP_Carton_C_UAID_B07B25293B46E84602_1231748250 Label:BP_Carton4 SpatiallyLoaded:1 Bounds:IsValid=true, Min=(X=2260.000 Y=945.000 Z=195.000), Max=(X=2260.000 Y=1195.000 Z=445.000) RuntimeGrid:None EditorOnly:0 RuntimeOnly:0 HLODRelevant:0 ListedInSceneOutliner:1 IsMainWorldOnly:0
 |   |   |- [+] [ 14]
 |   |   |   |- Guid:A354B1B24E617A525DC6B48CCDE2417E BaseClass: NativeClass:/Script/Engine.PlayerStart Name:PlayerStart_0 Label:PlayerStart SpatiallyLoaded:0 Bounds:IsValid=true, Min=(X=1190.000 Y=810.000 Z=0.013), Max=(X=1270.000 Y=890.000 Z=184.013) RuntimeGrid:None EditorOnly:0 RuntimeOnly:0 HLODRelevant:0 ListedInSceneOutliner:1 IsMainWorldOnly:0
 |   |   |- [+] [ 15]
 |   |   |   |- Guid:ABBBA62345881BD5131B3490AF45109F BaseClass:/Game/GAME/BP_Carton.BP_Carton_C NativeClass:/Script/Engine.Actor Name:BP_Carton_C_UAID_B07B25293B46E84602_1218037247 Label:BP_Carton SpatiallyLoaded:1 Bounds:IsValid=true, Min=(X=2260.000 Y=435.000 Z=55.000), Max=(X=2260.000 Y=685.000 Z=305.000) RuntimeGrid:None EditorOnly:0 RuntimeOnly:0 HLODRelevant:0 ListedInSceneOutliner:1 IsMainWorldOnly:0
 |   |   |- [+] [ 16]
 |   |   |   |- Guid:B1E356C04D0CD1605DCFE9B7A83B3E98 BaseClass: NativeClass:/Script/Engine.StaticMeshActor Name:StaticMeshActor_5 Label:SM_Cube4 SpatiallyLoaded:1 Bounds:IsValid=true, Min=(X=1415.000 Y=180.000 Z=0.000), Max=(X=1565.000 Y=1530.000 Z=75.000) RuntimeGrid:None EditorOnly:0 RuntimeOnly:0 HLODRelevant:1 ListedInSceneOutliner:1 IsMainWorldOnly:0 FolderPath:Block01 FolderGuid:5710F1034B6DC7FBD588718E283EB93C
 |   |   |- [+] [ 17]
 |   |   |   |- Guid:C0C56B9644AE3D40CAFF6A878DB29844 BaseClass: NativeClass:/Script/Engine.StaticMeshActor Name:StaticMeshActor_UAID_A4AE111137DC5EFB00_2001720423 Label:SM_SkySphere SpatiallyLoaded:0 Bounds:IsValid=true, Min=(X=-1638400.000 Y=-1638400.000 Z=-1638400.000), Max=(X=1638400.000 Y=1638400.000 Z=1638400.000) RuntimeGrid:None EditorOnly:0 RuntimeOnly:0 HLODRelevant:1 ListedInSceneOutliner:1 IsMainWorldOnly:0 FolderPath:Lighting FolderGuid:0BA5F0A04EADB18E70D5B180D08FA34B
 |   |   |- [+] [ 18]
 |   |   |   |- Guid:C22CE07C4B87D685137FDBBC10FC92C6 BaseClass: NativeClass:/Script/Engine.SkyAtmosphere Name:SkyAtmosphere_0 Label:SkyAtmosphere SpatiallyLoaded:0 Bounds:IsValid=true, Min=(X=0.000 Y=0.000 Z=1020.000), Max=(X=0.000 Y=0.000 Z=1020.000) RuntimeGrid:None EditorOnly:0 RuntimeOnly:0 HLODRelevant:0 ListedInSceneOutliner:1 IsMainWorldOnly:0 FolderPath:Lighting FolderGuid:0BA5F0A04EADB18E70D5B180D08FA34B
 |   |   |- [+] [ 19]
 |   |   |   |- Guid:CE8D82634660FCDB3120E2B8D547C533 BaseClass: NativeClass:/Script/Engine.PostProcessVolume Name:PostProcessVolume_0 Label:PostProcessVolume SpatiallyLoaded:0 Bounds:IsValid=true, Min=(X=0.000 Y=0.000 Z=400.000), Max=(X=200.000 Y=200.000 Z=600.000) RuntimeGrid:None EditorOnly:0 RuntimeOnly:0 HLODRelevant:0 ListedInSceneOutliner:1 IsMainWorldOnly:0 FolderPath:Lighting FolderGuid:0BA5F0A04EADB18E70D5B180D08FA34B
 |   |   |- [+] [ 20]
 |   |   |   |- Guid:DA87A093447F1CE328888EB65206E4EB BaseClass:/Game/GAME/BP_Bidon.BP_Bidon_C NativeClass:/Script/Engine.Actor Name:BP_Bidon_C_UAID_B07B25293B46E84602_1996203253 Label:BP_Bidon2 SpatiallyLoaded:1 Bounds:IsValid=true, Min=(X=1930.000 Y=597.500 Z=-2.500), Max=(X=1930.000 Y=822.500 Z=222.500) RuntimeGrid:None EditorOnly:0 RuntimeOnly:0 HLODRelevant:0 ListedInSceneOutliner:1 IsMainWorldOnly:0
 |   |   |- [+] [ 21]
 |   |   |   |- Guid:E5320C1B4FD9764CE7B54D8487AEC613 BaseClass: NativeClass:/Script/Engine.SkyLight Name:SkyLight_0 Label:SkyLight SpatiallyLoaded:0 Bounds:IsValid=true, Min=(X=0.000 Y=0.000 Z=690.000), Max=(X=0.000 Y=0.000 Z=690.000) RuntimeGrid:None EditorOnly:0 RuntimeOnly:0 HLODRelevant:0 ListedInSceneOutliner:1 IsMainWorldOnly:0 FolderPath:Lighting FolderGuid:0BA5F0A04EADB18E70D5B180D08FA34B
 |   |   |- [+] [ 22]
 |   |   |   |- Guid:EE66F4454A4A9F99393F559AB739C05E BaseClass:/Game/FirstPerson/Blueprints/BP_Pickup_Rifle.BP_Pickup_Rifle_C NativeClass:/Script/Engine.Actor Name:BP_Rifle_C_1 Label:BP_Pickup_Rifle SpatiallyLoaded:1 Bounds:IsValid=true, Min=(X=1398.000 Y=818.000 Z=54.000), Max=(X=1462.000 Y=907.440 Z=118.000) RuntimeGrid:None EditorOnly:0 RuntimeOnly:0 HLODRelevant:0 ListedInSceneOutliner:1 IsMainWorldOnly:0
 |   |   |- [+] [ 23]
 |   |   |   |- Guid:F797A8F14A01AD39ECB959A72889B503 BaseClass:/Game/GAME/BP_Carton.BP_Carton_C NativeClass:/Script/Engine.Actor Name:BP_Carton_C_UAID_B07B25293B46E84602_1228637248 Label:BP_Carton2 SpatiallyLoaded:1 Bounds:IsValid=true, Min=(X=2260.000 Y=735.000 Z=55.000), Max=(X=2260.000 Y=985.000 Z=305.000) RuntimeGrid:None EditorOnly:0 RuntimeOnly:0 HLODRelevant:0 ListedInSceneOutliner:1 IsMainWorldOnly:0
 |   |   |- [+] [ 24]
 |   |   |   |- Guid:F80621C9446867154938FE81375207DA BaseClass: NativeClass:/Script/Engine.DirectionalLight Name:DirectionalLight_1 Label:DirectionalLight SpatiallyLoaded:0 Bounds:IsValid=true, Min=(X=-1048576.000 Y=-1048576.000 Z=-1048576.000), Max=(X=1048576.000 Y=1048576.000 Z=1048576.000) RuntimeGrid:None EditorOnly:0 RuntimeOnly:0 HLODRelevant:0 ListedInSceneOutliner:1 IsMainWorldOnly:0 FolderPath:Lighting FolderGuid:0BA5F0A04EADB18E70D5B180D08FA34B
 |   |   |- [+] [ 25]
 |   |   |   |- Guid:F931A5CD417C4F5B98923587AA36D024 BaseClass: NativeClass:/Script/Engine.StaticMeshActor Name:StaticMeshActor_UAID_B07B25293B46E24602_1536409194 Label:SM_Cube7 SpatiallyLoaded:1 Bounds:IsValid=true, Min=(X=2735.000 Y=230.000 Z=-10.000), Max=(X=2785.000 Y=1530.000 Z=290.000) RuntimeGrid:None EditorOnly:0 RuntimeOnly:0 HLODRelevant:1 ListedInSceneOutliner:1 IsMainWorldOnly:0 FolderPath:Block01 FolderGuid:5710F1034B6DC7FBD588718E283EB93C
 |- ContainerInstances:
 |- [+] MainContainer:
 |   |-        ID: 00000000000000000000000000000000
 |   |-  ParentID: 00000000000000000000000000000000
 |   |-    Bounds: IsValid=false, Min=(X=0.000 Y=0.000 Z=0.000), Max=(X=0.000 Y=0.000 Z=0.000)
 |   |- Transform: 0.000000,0.000000,0.000000|0.000000,0.000000,-0.000000|1.000000,1.000000,1.000000
 |   |- Container: /Game/FirstPerson/Maps/FirstPersonMap
----------------------------------------------------------------------------------------------------------------
FirstPersonMap - Persistent Level
----------------------------------------------------------------------------------------------------------------
[+] Content of FirstPersonMap Persistent Level
 |- Always loaded Actor Count: 26 
 |- Actor Path: /Game/FirstPerson/Maps/UEDPIE_0_FirstPersonMap.FirstPersonMap:PersistentLevel.BlockingVolume_UAID_B07B25293B46E14602_1945953015
 |- Actor Package: /Game/FirstPerson/Maps/UEDPIE_0_FirstPersonMap_InstanceOf_/Game/__ExternalActors__/FirstPerson/Maps/FirstPersonMap/B/FX/LRJW9G53H9SES1R4QU1OYP
 |- Actor Path: /Game/FirstPerson/Maps/UEDPIE_0_FirstPersonMap.FirstPersonMap:PersistentLevel.BlockingVolume_UAID_B07B25293B46E14602_2000968016
 |- Actor Package: /Game/FirstPerson/Maps/UEDPIE_0_FirstPersonMap_InstanceOf_/Game/__ExternalActors__/FirstPerson/Maps/FirstPersonMap/7/KI/GZS9I8N6XJJ57Z5NQX53WH
 |- Actor Path: /Game/FirstPerson/Maps/UEDPIE_0_FirstPersonMap.FirstPersonMap:PersistentLevel.BlockingVolume_UAID_B07B25293B46E14602_2024393017
 |- Actor Package: /Game/FirstPerson/Maps/UEDPIE_0_FirstPersonMap_InstanceOf_/Game/__ExternalActors__/FirstPerson/Maps/FirstPersonMap/E/VU/Z61KZF9CPEMK74YHDZ867Y
 |- Actor Path: /Game/FirstPerson/Maps/UEDPIE_0_FirstPersonMap.FirstPersonMap:PersistentLevel.BP_Bidon_C_UAID_B07B25293B46E84602_1971667252
 |- Actor Package: /Game/FirstPerson/Maps/UEDPIE_0_FirstPersonMap_InstanceOf_/Game/__ExternalActors__/FirstPerson/Maps/FirstPersonMap/6/TN/6F1FIDFWW716O3THFI6T82
 |- Actor Path: /Game/FirstPerson/Maps/UEDPIE_0_FirstPersonMap.FirstPersonMap:PersistentLevel.BP_Bidon_C_UAID_B07B25293B46E84602_1996203253
 |- Actor Package: /Game/FirstPerson/Maps/UEDPIE_0_FirstPersonMap_InstanceOf_/Game/__ExternalActors__/FirstPerson/Maps/FirstPersonMap/E/XM/FQMFJX5NG79F8HQ8CTQQT4
 |- Actor Path: /Game/FirstPerson/Maps/UEDPIE_0_FirstPersonMap.FirstPersonMap:PersistentLevel.BP_Bidon_C_UAID_B07B25293B46E84602_1999052254
 |- Actor Package: /Game/FirstPerson/Maps/UEDPIE_0_FirstPersonMap_InstanceOf_/Game/__ExternalActors__/FirstPerson/Maps/FirstPersonMap/C/RV/QYI9MWYLFFC2KLW34VZEUG
 |- Actor Path: /Game/FirstPerson/Maps/UEDPIE_0_FirstPersonMap.FirstPersonMap:PersistentLevel.BP_Carton_C_UAID_B07B25293B46E84602_1218037247
 |- Actor Package: /Game/FirstPerson/Maps/UEDPIE_0_FirstPersonMap_InstanceOf_/Game/__ExternalActors__/FirstPerson/Maps/FirstPersonMap/B/RE/CBHLHPWNV5YLLIC4EKVNLN
 |- Actor Path: /Game/FirstPerson/Maps/UEDPIE_0_FirstPersonMap.FirstPersonMap:PersistentLevel.BP_Carton_C_UAID_B07B25293B46E84602_1228637248
 |- Actor Package: /Game/FirstPerson/Maps/UEDPIE_0_FirstPersonMap_InstanceOf_/Game/__ExternalActors__/FirstPerson/Maps/FirstPersonMap/A/JK/NXHIEGBT5ON03RAZM6SKWP
 |- Actor Path: /Game/FirstPerson/Maps/UEDPIE_0_FirstPersonMap.FirstPersonMap:PersistentLevel.BP_Carton_C_UAID_B07B25293B46E84602_1229925249
 |- Actor Package: /Game/FirstPerson/Maps/UEDPIE_0_FirstPersonMap_InstanceOf_/Game/__ExternalActors__/FirstPerson/Maps/FirstPersonMap/5/IS/J7CG1PVH8M3484Z1QGHHS0
 |- Actor Path: /Game/FirstPerson/Maps/UEDPIE_0_FirstPersonMap.FirstPersonMap:PersistentLevel.BP_Carton_C_UAID_B07B25293B46E84602_1231748250
 |- Actor Package: /Game/FirstPerson/Maps/UEDPIE_0_FirstPersonMap_InstanceOf_/Game/__ExternalActors__/FirstPerson/Maps/FirstPersonMap/7/Q4/CH5EDTOPEUJ1UY20OV2YM8
 |- Actor Path: /Game/FirstPerson/Maps/UEDPIE_0_FirstPersonMap.FirstPersonMap:PersistentLevel.BP_Carton_C_UAID_B07B25293B46E84602_1234439251
 |- Actor Package: /Game/FirstPerson/Maps/UEDPIE_0_FirstPersonMap_InstanceOf_/Game/__ExternalActors__/FirstPerson/Maps/FirstPersonMap/6/H4/PEC9GA6G7HQ6YVBVSYHJHR
 |- Actor Path: /Game/FirstPerson/Maps/UEDPIE_0_FirstPersonMap.FirstPersonMap:PersistentLevel.BP_Rifle_C_1
 |- Actor Package: /Game/FirstPerson/Maps/UEDPIE_0_FirstPersonMap_InstanceOf_/Game/__ExternalActors__/FirstPerson/Maps/FirstPersonMap/5/8C/EAHCBN229IT8APJO305AH5
 |- Actor Path: /Game/FirstPerson/Maps/UEDPIE_0_FirstPersonMap.FirstPersonMap:PersistentLevel.DirectionalLight_1
 |- Actor Package: /Game/FirstPerson/Maps/UEDPIE_0_FirstPersonMap_InstanceOf_/Game/__ExternalActors__/FirstPerson/Maps/FirstPersonMap/0/WB/V4ALNTJYOVWM8BU452CKV5
 |- Actor Path: /Game/FirstPerson/Maps/UEDPIE_0_FirstPersonMap.FirstPersonMap:PersistentLevel.ExponentialHeightFog_0
 |- Actor Package: /Game/FirstPerson/Maps/UEDPIE_0_FirstPersonMap_InstanceOf_/Game/__ExternalActors__/FirstPerson/Maps/FirstPersonMap/0/CL/381LM03PFI8AF9NED1SEV2
 |- Actor Path: /Game/FirstPerson/Maps/UEDPIE_0_FirstPersonMap.FirstPersonMap:PersistentLevel.PlayerStart_0
 |- Actor Package: /Game/FirstPerson/Maps/UEDPIE_0_FirstPersonMap_InstanceOf_/Game/__ExternalActors__/FirstPerson/Maps/FirstPersonMap/8/Z7/W1SXRCM1KAKBJOIZDLHZ47
 |- Actor Path: /Game/FirstPerson/Maps/UEDPIE_0_FirstPersonMap.FirstPersonMap:PersistentLevel.PostProcessVolume_0
 |- Actor Package: /Game/FirstPerson/Maps/UEDPIE_0_FirstPersonMap_InstanceOf_/Game/__ExternalActors__/FirstPerson/Maps/FirstPersonMap/E/MX/R1GV431P5FDO08OFULRA01
 |- Actor Path: /Game/FirstPerson/Maps/UEDPIE_0_FirstPersonMap.FirstPersonMap:PersistentLevel.SkyAtmosphere_0
 |- Actor Package: /Game/FirstPerson/Maps/UEDPIE_0_FirstPersonMap_InstanceOf_/Game/__ExternalActors__/FirstPerson/Maps/FirstPersonMap/C/VO/VMN4G7K3NKKV6F8HTPHHDB
 |- Actor Path: /Game/FirstPerson/Maps/UEDPIE_0_FirstPersonMap.FirstPersonMap:PersistentLevel.SkyLight_0
 |- Actor Package: /Game/FirstPerson/Maps/UEDPIE_0_FirstPersonMap_InstanceOf_/Game/__ExternalActors__/FirstPerson/Maps/FirstPersonMap/6/0Z/5RQIHCZ9W3UXRGL4LTLQAK
 |- Actor Path: /Game/FirstPerson/Maps/UEDPIE_0_FirstPersonMap.FirstPersonMap:PersistentLevel.StaticMeshActor_0
 |- Actor Package: /Game/FirstPerson/Maps/UEDPIE_0_FirstPersonMap_InstanceOf_/Game/__ExternalActors__/FirstPerson/Maps/FirstPersonMap/7/L5/1ZJ54FMA0DAL3I2Q8RFAIB
 |- Actor Path: /Game/FirstPerson/Maps/UEDPIE_0_FirstPersonMap.FirstPersonMap:PersistentLevel.StaticMeshActor_5
 |- Actor Package: /Game/FirstPerson/Maps/UEDPIE_0_FirstPersonMap_InstanceOf_/Game/__ExternalActors__/FirstPerson/Maps/FirstPersonMap/3/CP/XRLOR3HVYVHJA3N9PKGXZH
 |- Actor Path: /Game/FirstPerson/Maps/UEDPIE_0_FirstPersonMap.FirstPersonMap:PersistentLevel.StaticMeshActor_UAID_A4AE111137DC5EFB00_2001720423
 |- Actor Package: /Game/FirstPerson/Maps/UEDPIE_0_FirstPersonMap_InstanceOf_/Game/__ExternalActors__/FirstPerson/Maps/FirstPersonMap/C/ZU/PDQ0AB8RLNMVID876FD49G
 |- Actor Path: /Game/FirstPerson/Maps/UEDPIE_0_FirstPersonMap.FirstPersonMap:PersistentLevel.StaticMeshActor_UAID_B07B25293B46E24602_1536409194
 |- Actor Package: /Game/FirstPerson/Maps/UEDPIE_0_FirstPersonMap_InstanceOf_/Game/__ExternalActors__/FirstPerson/Maps/FirstPersonMap/8/Q0/RXNM71MBIHQD58B7H2V5I3
 |- Actor Path: /Game/FirstPerson/Maps/UEDPIE_0_FirstPersonMap.FirstPersonMap:PersistentLevel.StaticMeshActor_UAID_B07B25293B46E24602_1580465195
 |- Actor Package: /Game/FirstPerson/Maps/UEDPIE_0_FirstPersonMap_InstanceOf_/Game/__ExternalActors__/FirstPerson/Maps/FirstPersonMap/4/7T/BK7LWX6DXPBS4KXKB96BAL
 |- Actor Path: /Game/FirstPerson/Maps/UEDPIE_0_FirstPersonMap.FirstPersonMap:PersistentLevel.StaticMeshActor_UAID_B07B25293B46E24602_1823286197
 |- Actor Package: /Game/FirstPerson/Maps/UEDPIE_0_FirstPersonMap_InstanceOf_/Game/__ExternalActors__/FirstPerson/Maps/FirstPersonMap/8/LX/X2E9OEOW6YHG4FGUHDJ51Z
 |- Actor Path: /Game/FirstPerson/Maps/UEDPIE_0_FirstPersonMap.FirstPersonMap:PersistentLevel.VolumetricCloud_0
 |- Actor Package: /Game/FirstPerson/Maps/UEDPIE_0_FirstPersonMap_InstanceOf_/Game/__ExternalActors__/FirstPerson/Maps/FirstPersonMap/0/GO/I8WEFD3RY9V3NVQLSU6QM4
 |- Actor Path: /Game/FirstPerson/Maps/UEDPIE_0_FirstPersonMap.FirstPersonMap:PersistentLevel.WorldDataLayers
 |- Actor Package: /Game/__ExternalActors__/FirstPerson/Maps/FirstPersonMap/D/0W/E1FKEGVKGOLM7HGLQPCIPO

----------------------------------------------------------------------------------------------------------------
FirstPersonMap - Runtime Hash Set
----------------------------------------------------------------------------------------------------------------

